19:21:25 - "scalac" is not found on the PATH.  Scala files will not be recompiled
19:23:55 - !! Missing server jar file. Aborting !!
22:10:46 - "scalac" is not found on the PATH.  Scala files will not be recompiled
22:10:56 - '"C:\Program Files\Java\jdk1.8.0_271\bin\javac" -Xlint:-options -deprecation -g -source 1.6 -target 1.6 -classpath "jars\versions\1.8.8\1.8.8.jar;lib;lib\*;jars\libraries\net\java\jinput\jinput\2.0.5\jinput-2.0.5.jar;jars\libraries\org\lwjgl\lwjgl\lwjgl-platform\2.9.4-nightly-20150209\lwjgl-platform-2.9.4-nightly-20150209-natives-windows.jar;jars\libraries\com\ibm\icu\icu4j-core-mojang\51.2\icu4j-core-mojang-51.2.jar;jars\libraries\tv\twitch\twitch-external-platform\4.5\twitch-external-platform-4.5-natives-windows-64.jar;jars\libraries\org\apache\httpcomponents\httpcore\4.3.2\httpcore-4.3.2.jar;jars\libraries\org\apache\logging\log4j\log4j-api\2.0-beta9\log4j-api-2.0-beta9.jar;jars\libraries\org\apache\commons\commons-lang3\3.3.2\commons-lang3-3.3.2.jar;jars\libraries\net\java\dev\jna\jna\3.4.0\jna-3.4.0.jar;jars\libraries\com\paulscode\libraryjavasound\20101123\libraryjavasound-20101123.jar;jars\libraries\net\sf\jopt-simple\jopt-simple\4.6\jopt-simple-4.6.jar;jars\libraries\com\google\guava\guava\17.0\guava-17.0.jar;jars\libraries\oshi-project\oshi-core\1.1\oshi-core-1.1.jar;jars\libraries\org\apache\httpcomponents\httpclient\4.3.3\httpclient-4.3.3.jar;jars\libraries\org\apache\commons\commons-compress\1.8.1\commons-compress-1.8.1.jar;jars\libraries\net\java\dev\jna\platform\3.4.0\platform-3.4.0.jar;jars\libraries\com\paulscode\codecjorbis\20101023\codecjorbis-20101023.jar;jars\libraries\com\paulscode\soundsystem\20120107\soundsystem-20120107.jar;jars\libraries\com\paulscode\librarylwjglopenal\20100824\librarylwjglopenal-20100824.jar;jars\libraries\org\lwjgl\lwjgl\lwjgl_util\2.9.4-nightly-20150209\lwjgl_util-2.9.4-nightly-20150209.jar;jars\libraries\commons-codec\commons-codec\1.9\commons-codec-1.9.jar;jars\libraries\net\java\jutils\jutils\1.0.0\jutils-1.0.0.jar;jars\libraries\commons-logging\commons-logging\1.1.3\commons-logging-1.1.3.jar;jars\libraries\org\lwjgl\lwjgl\lwjgl\2.9.4-nightly-20150209\lwjgl-2.9.4-nightly-20150209.jar;jars\libraries\commons-io\commons-io\2.4\commons-io-2.4.jar;jars\libraries\com\mojang\realms\1.7.39\realms-1.7.39.jar;jars\libraries\com\mojang\authlib\1.5.21\authlib-1.5.21.jar;jars\libraries\com\google\code\gson\gson\2.2.4\gson-2.2.4.jar;jars\libraries\com\mojang\netty\1.6\netty-1.6.jar;jars\libraries\tv\twitch\twitch\6.5\twitch-6.5.jar;jars\libraries\com\paulscode\codecwav\20101023\codecwav-20101023.jar;jars\libraries\tv\twitch\twitch-platform\6.5\twitch-platform-6.5-natives-windows-64.jar;jars\libraries\net\java\jinput\jinput-platform\2.0.5\jinput-platform-2.0.5-natives-windows.jar;jars\libraries\org\apache\logging\log4j\log4j-core\2.0-beta9\log4j-core-2.0-beta9.jar;jars\libraries\io\netty\netty-all\4.0.23.Final\netty-all-4.0.23.Final.jar" -sourcepath src\minecraft -d bin\minecraft @temp\java_src_client.txt' failed : 1
22:10:56 - 
22:10:56 - == ERRORS FOUND in JAVA CODE ==
22:10:56 - 
22:10:56 - src\minecraft\net\minecraftforge\client\model\ITransformation.java:3: error: package javax.vecmath does not exist
22:10:56 - import javax.vecmath.Matrix4f;
22:10:56 -                     ^
22:10:56 - 
22:10:56 - src\minecraft\net\minecraftforge\client\model\TRSRTransformation.java:3: error: package javax.vecmath does not exist
22:10:56 - import javax.vecmath.Matrix4f;
22:10:56 -                     ^
22:10:56 - 
22:10:56 - src\minecraft\net\minecraft\client\resources\model\ModelRotation.java:124: error: package javax.vecmath does not exist
22:10:56 -     public javax.vecmath.Matrix4f getMatrix()
22:10:56 -                         ^
22:10:56 - 
22:10:56 - src\minecraft\net\minecraftforge\client\model\ITransformation.java:8: error: cannot find symbol
22:10:56 -     Matrix4f getMatrix();
22:10:56 -     ^
22:10:56 - 
22:10:56 -   symbol:   class Matrix4f
22:10:56 -   location: interface ITransformation
22:10:56 - src\minecraft\net\minecraftforge\client\model\TRSRTransformation.java:8: error: cannot find symbol
22:10:56 -     public TRSRTransformation(Matrix4f matrix)
22:10:56 -                               ^
22:10:56 - 
22:10:56 -   symbol:   class Matrix4f
22:10:56 -   location: class TRSRTransformation
22:10:56 - src\minecraft\optifine\Reflector.java:10: error: package javax.vecmath does not exist
22:10:56 - import javax.vecmath.Matrix4f;
22:10:56 -                     ^
22:10:56 - 
22:10:56 - src\minecraft\net\minecraft\client\resources\model\ModelRotation.java:126: error: package javax.vecmath does not exist
22:10:56 -         return Reflector.ForgeHooksClient_getMatrix.exists() ? (javax.vecmath.Matrix4f)Reflector.call(Reflector.ForgeHooksClient_getMatrix, new Object[] {this}): new javax.vecmath.Matrix4f();
22:10:56 -                                                                              ^
22:10:56 - 
22:10:56 - src\minecraft\net\minecraft\client\resources\model\ModelRotation.java:126: error: package javax.vecmath does not exist
22:10:56 -         return Reflector.ForgeHooksClient_getMatrix.exists() ? (javax.vecmath.Matrix4f)Reflector.call(Reflector.ForgeHooksClient_getMatrix, new Object[] {this}): new javax.vecmath.Matrix4f();
22:10:56 -                                                                                                                                                                                    ^
22:10:56 - 
22:10:56 - src\minecraft\optifine\Reflector.java:172: error: cannot find symbol
22:10:56 -     public static ReflectorMethod ForgeHooksClient_applyTransform = new ReflectorMethod(ForgeHooksClient, "applyTransform", new Class[] {Matrix4f.class, Optional.class});
22:10:56 -                                                                                                                                          ^
22:10:56 - 
22:10:56 -   symbol:   class Matrix4f
22:10:56 -   location: class Reflector
22:10:56 - 9 errors
22:10:56 - ==================
22:10:56 - 
22:10:56 - !! Can not find server sources, try decompiling !!
22:11:54 - "scalac" is not found on the PATH.  Scala files will not be recompiled
22:12:04 - '"C:\Program Files\Java\jdk1.8.0_271\bin\javac" -Xlint:-options -deprecation -g -source 1.6 -target 1.6 -classpath "jars\versions\1.8.8\1.8.8.jar;lib;lib\*;jars\libraries\net\java\jinput\jinput\2.0.5\jinput-2.0.5.jar;jars\libraries\org\lwjgl\lwjgl\lwjgl-platform\2.9.4-nightly-20150209\lwjgl-platform-2.9.4-nightly-20150209-natives-windows.jar;jars\libraries\com\ibm\icu\icu4j-core-mojang\51.2\icu4j-core-mojang-51.2.jar;jars\libraries\tv\twitch\twitch-external-platform\4.5\twitch-external-platform-4.5-natives-windows-64.jar;jars\libraries\org\apache\httpcomponents\httpcore\4.3.2\httpcore-4.3.2.jar;jars\libraries\org\apache\logging\log4j\log4j-api\2.0-beta9\log4j-api-2.0-beta9.jar;jars\libraries\org\apache\commons\commons-lang3\3.3.2\commons-lang3-3.3.2.jar;jars\libraries\net\java\dev\jna\jna\3.4.0\jna-3.4.0.jar;jars\libraries\com\paulscode\libraryjavasound\20101123\libraryjavasound-20101123.jar;jars\libraries\net\sf\jopt-simple\jopt-simple\4.6\jopt-simple-4.6.jar;jars\libraries\com\google\guava\guava\17.0\guava-17.0.jar;jars\libraries\oshi-project\oshi-core\1.1\oshi-core-1.1.jar;jars\libraries\org\apache\httpcomponents\httpclient\4.3.3\httpclient-4.3.3.jar;jars\libraries\org\apache\commons\commons-compress\1.8.1\commons-compress-1.8.1.jar;jars\libraries\net\java\dev\jna\platform\3.4.0\platform-3.4.0.jar;jars\libraries\com\paulscode\codecjorbis\20101023\codecjorbis-20101023.jar;jars\libraries\com\paulscode\soundsystem\20120107\soundsystem-20120107.jar;jars\libraries\com\paulscode\librarylwjglopenal\20100824\librarylwjglopenal-20100824.jar;jars\libraries\org\lwjgl\lwjgl\lwjgl_util\2.9.4-nightly-20150209\lwjgl_util-2.9.4-nightly-20150209.jar;jars\libraries\commons-codec\commons-codec\1.9\commons-codec-1.9.jar;jars\libraries\net\java\jutils\jutils\1.0.0\jutils-1.0.0.jar;jars\libraries\commons-logging\commons-logging\1.1.3\commons-logging-1.1.3.jar;jars\libraries\org\lwjgl\lwjgl\lwjgl\2.9.4-nightly-20150209\lwjgl-2.9.4-nightly-20150209.jar;jars\libraries\commons-io\commons-io\2.4\commons-io-2.4.jar;jars\libraries\com\mojang\realms\1.7.39\realms-1.7.39.jar;jars\libraries\com\mojang\authlib\1.5.21\authlib-1.5.21.jar;jars\libraries\com\google\code\gson\gson\2.2.4\gson-2.2.4.jar;jars\libraries\com\mojang\netty\1.6\netty-1.6.jar;jars\libraries\tv\twitch\twitch\6.5\twitch-6.5.jar;jars\libraries\com\paulscode\codecwav\20101023\codecwav-20101023.jar;jars\libraries\tv\twitch\twitch-platform\6.5\twitch-platform-6.5-natives-windows-64.jar;jars\libraries\net\java\jinput\jinput-platform\2.0.5\jinput-platform-2.0.5-natives-windows.jar;jars\libraries\org\apache\logging\log4j\log4j-core\2.0-beta9\log4j-core-2.0-beta9.jar;jars\libraries\io\netty\netty-all\4.0.23.Final\netty-all-4.0.23.Final.jar" -sourcepath src\minecraft -d bin\minecraft @temp\java_src_client.txt' failed : 1
22:12:04 - 
22:12:04 - == ERRORS FOUND in JAVA CODE ==
22:12:04 - 
22:12:04 - src\minecraft\net\minecraft\client\renderer\texture\TextureManager.java:102: error: local variable textureObj is accessed from within inner class; needs to be declared final
22:12:04 -                     return textureObj.getClass().getName();
22:12:04 -                            ^
22:12:04 - 
22:12:04 - 1 error
22:12:04 - ==================
22:12:04 - 
22:12:04 - !! Can not find server sources, try decompiling !!
22:13:26 - "scalac" is not found on the PATH.  Scala files will not be recompiled
22:13:30 - '"C:\Program Files\Java\jdk1.8.0_271\bin\javac" -Xlint:-options -deprecation -g -source 1.6 -target 1.6 -classpath "jars\versions\1.8.8\1.8.8.jar;lib;lib\*;jars\libraries\net\java\jinput\jinput\2.0.5\jinput-2.0.5.jar;jars\libraries\org\lwjgl\lwjgl\lwjgl-platform\2.9.4-nightly-20150209\lwjgl-platform-2.9.4-nightly-20150209-natives-windows.jar;jars\libraries\com\ibm\icu\icu4j-core-mojang\51.2\icu4j-core-mojang-51.2.jar;jars\libraries\tv\twitch\twitch-external-platform\4.5\twitch-external-platform-4.5-natives-windows-64.jar;jars\libraries\org\apache\httpcomponents\httpcore\4.3.2\httpcore-4.3.2.jar;jars\libraries\org\apache\logging\log4j\log4j-api\2.0-beta9\log4j-api-2.0-beta9.jar;jars\libraries\org\apache\commons\commons-lang3\3.3.2\commons-lang3-3.3.2.jar;jars\libraries\net\java\dev\jna\jna\3.4.0\jna-3.4.0.jar;jars\libraries\com\paulscode\libraryjavasound\20101123\libraryjavasound-20101123.jar;jars\libraries\net\sf\jopt-simple\jopt-simple\4.6\jopt-simple-4.6.jar;jars\libraries\com\google\guava\guava\17.0\guava-17.0.jar;jars\libraries\oshi-project\oshi-core\1.1\oshi-core-1.1.jar;jars\libraries\org\apache\httpcomponents\httpclient\4.3.3\httpclient-4.3.3.jar;jars\libraries\org\apache\commons\commons-compress\1.8.1\commons-compress-1.8.1.jar;jars\libraries\net\java\dev\jna\platform\3.4.0\platform-3.4.0.jar;jars\libraries\com\paulscode\codecjorbis\20101023\codecjorbis-20101023.jar;jars\libraries\com\paulscode\soundsystem\20120107\soundsystem-20120107.jar;jars\libraries\com\paulscode\librarylwjglopenal\20100824\librarylwjglopenal-20100824.jar;jars\libraries\org\lwjgl\lwjgl\lwjgl_util\2.9.4-nightly-20150209\lwjgl_util-2.9.4-nightly-20150209.jar;jars\libraries\commons-codec\commons-codec\1.9\commons-codec-1.9.jar;jars\libraries\net\java\jutils\jutils\1.0.0\jutils-1.0.0.jar;jars\libraries\commons-logging\commons-logging\1.1.3\commons-logging-1.1.3.jar;jars\libraries\org\lwjgl\lwjgl\lwjgl\2.9.4-nightly-20150209\lwjgl-2.9.4-nightly-20150209.jar;jars\libraries\commons-io\commons-io\2.4\commons-io-2.4.jar;jars\libraries\com\mojang\realms\1.7.39\realms-1.7.39.jar;jars\libraries\com\mojang\authlib\1.5.21\authlib-1.5.21.jar;jars\libraries\com\google\code\gson\gson\2.2.4\gson-2.2.4.jar;jars\libraries\com\mojang\netty\1.6\netty-1.6.jar;jars\libraries\tv\twitch\twitch\6.5\twitch-6.5.jar;jars\libraries\com\paulscode\codecwav\20101023\codecwav-20101023.jar;jars\libraries\tv\twitch\twitch-platform\6.5\twitch-platform-6.5-natives-windows-64.jar;jars\libraries\net\java\jinput\jinput-platform\2.0.5\jinput-platform-2.0.5-natives-windows.jar;jars\libraries\org\apache\logging\log4j\log4j-core\2.0-beta9\log4j-core-2.0-beta9.jar;jars\libraries\io\netty\netty-all\4.0.23.Final\netty-all-4.0.23.Final.jar" -sourcepath src\minecraft -d bin\minecraft @temp\java_src_client.txt' failed : 1
22:13:30 - 
22:13:30 - == ERRORS FOUND in JAVA CODE ==
22:13:30 - 
22:13:30 - src\minecraft\net\minecraft\client\renderer\texture\TextureManager.java:102: error: illegal start of expression
22:13:30 -                     return final textureObj.getClass().getName();
22:13:30 -                            ^
22:13:30 - 
22:13:30 - 1 error
22:13:30 - ==================
22:13:30 - 
22:13:30 - !! Can not find server sources, try decompiling !!
22:14:44 - "scalac" is not found on the PATH.  Scala files will not be recompiled
22:14:54 - '"C:\Program Files\Java\jdk1.8.0_271\bin\javac" -Xlint:-options -deprecation -g -source 1.6 -target 1.6 -classpath "jars\versions\1.8.8\1.8.8.jar;lib;lib\*;jars\libraries\net\java\jinput\jinput\2.0.5\jinput-2.0.5.jar;jars\libraries\org\lwjgl\lwjgl\lwjgl-platform\2.9.4-nightly-20150209\lwjgl-platform-2.9.4-nightly-20150209-natives-windows.jar;jars\libraries\com\ibm\icu\icu4j-core-mojang\51.2\icu4j-core-mojang-51.2.jar;jars\libraries\tv\twitch\twitch-external-platform\4.5\twitch-external-platform-4.5-natives-windows-64.jar;jars\libraries\org\apache\httpcomponents\httpcore\4.3.2\httpcore-4.3.2.jar;jars\libraries\org\apache\logging\log4j\log4j-api\2.0-beta9\log4j-api-2.0-beta9.jar;jars\libraries\org\apache\commons\commons-lang3\3.3.2\commons-lang3-3.3.2.jar;jars\libraries\net\java\dev\jna\jna\3.4.0\jna-3.4.0.jar;jars\libraries\com\paulscode\libraryjavasound\20101123\libraryjavasound-20101123.jar;jars\libraries\net\sf\jopt-simple\jopt-simple\4.6\jopt-simple-4.6.jar;jars\libraries\com\google\guava\guava\17.0\guava-17.0.jar;jars\libraries\oshi-project\oshi-core\1.1\oshi-core-1.1.jar;jars\libraries\org\apache\httpcomponents\httpclient\4.3.3\httpclient-4.3.3.jar;jars\libraries\org\apache\commons\commons-compress\1.8.1\commons-compress-1.8.1.jar;jars\libraries\net\java\dev\jna\platform\3.4.0\platform-3.4.0.jar;jars\libraries\com\paulscode\codecjorbis\20101023\codecjorbis-20101023.jar;jars\libraries\com\paulscode\soundsystem\20120107\soundsystem-20120107.jar;jars\libraries\com\paulscode\librarylwjglopenal\20100824\librarylwjglopenal-20100824.jar;jars\libraries\org\lwjgl\lwjgl\lwjgl_util\2.9.4-nightly-20150209\lwjgl_util-2.9.4-nightly-20150209.jar;jars\libraries\commons-codec\commons-codec\1.9\commons-codec-1.9.jar;jars\libraries\net\java\jutils\jutils\1.0.0\jutils-1.0.0.jar;jars\libraries\commons-logging\commons-logging\1.1.3\commons-logging-1.1.3.jar;jars\libraries\org\lwjgl\lwjgl\lwjgl\2.9.4-nightly-20150209\lwjgl-2.9.4-nightly-20150209.jar;jars\libraries\commons-io\commons-io\2.4\commons-io-2.4.jar;jars\libraries\com\mojang\realms\1.7.39\realms-1.7.39.jar;jars\libraries\com\mojang\authlib\1.5.21\authlib-1.5.21.jar;jars\libraries\com\google\code\gson\gson\2.2.4\gson-2.2.4.jar;jars\libraries\com\mojang\netty\1.6\netty-1.6.jar;jars\libraries\tv\twitch\twitch\6.5\twitch-6.5.jar;jars\libraries\com\paulscode\codecwav\20101023\codecwav-20101023.jar;jars\libraries\tv\twitch\twitch-platform\6.5\twitch-platform-6.5-natives-windows-64.jar;jars\libraries\net\java\jinput\jinput-platform\2.0.5\jinput-platform-2.0.5-natives-windows.jar;jars\libraries\org\apache\logging\log4j\log4j-core\2.0-beta9\log4j-core-2.0-beta9.jar;jars\libraries\io\netty\netty-all\4.0.23.Final\netty-all-4.0.23.Final.jar" -sourcepath src\minecraft -d bin\minecraft @temp\java_src_client.txt' failed : 1
22:14:54 - 
22:14:54 - == ERRORS FOUND in JAVA CODE ==
22:14:54 - 
22:14:54 - src\minecraft\net\minecraft\client\renderer\texture\TextureManager.java:88: error: cannot assign a value to final variable itextureobject
22:14:54 -             itextureobject = TextureUtil.missingTexture;
22:14:54 -             ^
22:14:54 - 
22:14:54 - 1 error
22:14:54 - ==================
22:14:54 - 
22:14:54 - !! Can not find server sources, try decompiling !!
22:15:14 - "scalac" is not found on the PATH.  Scala files will not be recompiled
22:15:17 - '"C:\Program Files\Java\jdk1.8.0_271\bin\javac" -Xlint:-options -deprecation -g -source 1.6 -target 1.6 -classpath "jars\versions\1.8.8\1.8.8.jar;lib;lib\*;jars\libraries\net\java\jinput\jinput\2.0.5\jinput-2.0.5.jar;jars\libraries\org\lwjgl\lwjgl\lwjgl-platform\2.9.4-nightly-20150209\lwjgl-platform-2.9.4-nightly-20150209-natives-windows.jar;jars\libraries\com\ibm\icu\icu4j-core-mojang\51.2\icu4j-core-mojang-51.2.jar;jars\libraries\tv\twitch\twitch-external-platform\4.5\twitch-external-platform-4.5-natives-windows-64.jar;jars\libraries\org\apache\httpcomponents\httpcore\4.3.2\httpcore-4.3.2.jar;jars\libraries\org\apache\logging\log4j\log4j-api\2.0-beta9\log4j-api-2.0-beta9.jar;jars\libraries\org\apache\commons\commons-lang3\3.3.2\commons-lang3-3.3.2.jar;jars\libraries\net\java\dev\jna\jna\3.4.0\jna-3.4.0.jar;jars\libraries\com\paulscode\libraryjavasound\20101123\libraryjavasound-20101123.jar;jars\libraries\net\sf\jopt-simple\jopt-simple\4.6\jopt-simple-4.6.jar;jars\libraries\com\google\guava\guava\17.0\guava-17.0.jar;jars\libraries\oshi-project\oshi-core\1.1\oshi-core-1.1.jar;jars\libraries\org\apache\httpcomponents\httpclient\4.3.3\httpclient-4.3.3.jar;jars\libraries\org\apache\commons\commons-compress\1.8.1\commons-compress-1.8.1.jar;jars\libraries\net\java\dev\jna\platform\3.4.0\platform-3.4.0.jar;jars\libraries\com\paulscode\codecjorbis\20101023\codecjorbis-20101023.jar;jars\libraries\com\paulscode\soundsystem\20120107\soundsystem-20120107.jar;jars\libraries\com\paulscode\librarylwjglopenal\20100824\librarylwjglopenal-20100824.jar;jars\libraries\org\lwjgl\lwjgl\lwjgl_util\2.9.4-nightly-20150209\lwjgl_util-2.9.4-nightly-20150209.jar;jars\libraries\commons-codec\commons-codec\1.9\commons-codec-1.9.jar;jars\libraries\net\java\jutils\jutils\1.0.0\jutils-1.0.0.jar;jars\libraries\commons-logging\commons-logging\1.1.3\commons-logging-1.1.3.jar;jars\libraries\org\lwjgl\lwjgl\lwjgl\2.9.4-nightly-20150209\lwjgl-2.9.4-nightly-20150209.jar;jars\libraries\commons-io\commons-io\2.4\commons-io-2.4.jar;jars\libraries\com\mojang\realms\1.7.39\realms-1.7.39.jar;jars\libraries\com\mojang\authlib\1.5.21\authlib-1.5.21.jar;jars\libraries\com\google\code\gson\gson\2.2.4\gson-2.2.4.jar;jars\libraries\com\mojang\netty\1.6\netty-1.6.jar;jars\libraries\tv\twitch\twitch\6.5\twitch-6.5.jar;jars\libraries\com\paulscode\codecwav\20101023\codecwav-20101023.jar;jars\libraries\tv\twitch\twitch-platform\6.5\twitch-platform-6.5-natives-windows-64.jar;jars\libraries\net\java\jinput\jinput-platform\2.0.5\jinput-platform-2.0.5-natives-windows.jar;jars\libraries\org\apache\logging\log4j\log4j-core\2.0-beta9\log4j-core-2.0-beta9.jar;jars\libraries\io\netty\netty-all\4.0.23.Final\netty-all-4.0.23.Final.jar" -sourcepath src\minecraft -d bin\minecraft @temp\java_src_client.txt' failed : 1
22:15:17 - 
22:15:17 - == ERRORS FOUND in JAVA CODE ==
22:15:17 - 
22:15:17 - src\minecraft\net\minecraft\client\renderer\texture\TextureManager.java:88: error: <identifier> expected
22:15:17 -             final itextureobject = TextureUtil.missingTexture;
22:15:17 -                                 ^
22:15:17 - 
22:15:17 - 1 error
22:15:17 - ==================
22:15:17 - 
22:15:17 - !! Can not find server sources, try decompiling !!
22:16:10 - "scalac" is not found on the PATH.  Scala files will not be recompiled
22:16:24 - '"C:\Program Files\Java\jdk1.8.0_271\bin\javac" -Xlint:-options -deprecation -g -source 1.6 -target 1.6 -classpath "jars\versions\1.8.8\1.8.8.jar;lib;lib\*;jars\libraries\net\java\jinput\jinput\2.0.5\jinput-2.0.5.jar;jars\libraries\org\lwjgl\lwjgl\lwjgl-platform\2.9.4-nightly-20150209\lwjgl-platform-2.9.4-nightly-20150209-natives-windows.jar;jars\libraries\com\ibm\icu\icu4j-core-mojang\51.2\icu4j-core-mojang-51.2.jar;jars\libraries\tv\twitch\twitch-external-platform\4.5\twitch-external-platform-4.5-natives-windows-64.jar;jars\libraries\org\apache\httpcomponents\httpcore\4.3.2\httpcore-4.3.2.jar;jars\libraries\org\apache\logging\log4j\log4j-api\2.0-beta9\log4j-api-2.0-beta9.jar;jars\libraries\org\apache\commons\commons-lang3\3.3.2\commons-lang3-3.3.2.jar;jars\libraries\net\java\dev\jna\jna\3.4.0\jna-3.4.0.jar;jars\libraries\com\paulscode\libraryjavasound\20101123\libraryjavasound-20101123.jar;jars\libraries\net\sf\jopt-simple\jopt-simple\4.6\jopt-simple-4.6.jar;jars\libraries\com\google\guava\guava\17.0\guava-17.0.jar;jars\libraries\oshi-project\oshi-core\1.1\oshi-core-1.1.jar;jars\libraries\org\apache\httpcomponents\httpclient\4.3.3\httpclient-4.3.3.jar;jars\libraries\org\apache\commons\commons-compress\1.8.1\commons-compress-1.8.1.jar;jars\libraries\net\java\dev\jna\platform\3.4.0\platform-3.4.0.jar;jars\libraries\com\paulscode\codecjorbis\20101023\codecjorbis-20101023.jar;jars\libraries\com\paulscode\soundsystem\20120107\soundsystem-20120107.jar;jars\libraries\com\paulscode\librarylwjglopenal\20100824\librarylwjglopenal-20100824.jar;jars\libraries\org\lwjgl\lwjgl\lwjgl_util\2.9.4-nightly-20150209\lwjgl_util-2.9.4-nightly-20150209.jar;jars\libraries\commons-codec\commons-codec\1.9\commons-codec-1.9.jar;jars\libraries\net\java\jutils\jutils\1.0.0\jutils-1.0.0.jar;jars\libraries\commons-logging\commons-logging\1.1.3\commons-logging-1.1.3.jar;jars\libraries\org\lwjgl\lwjgl\lwjgl\2.9.4-nightly-20150209\lwjgl-2.9.4-nightly-20150209.jar;jars\libraries\commons-io\commons-io\2.4\commons-io-2.4.jar;jars\libraries\com\mojang\realms\1.7.39\realms-1.7.39.jar;jars\libraries\com\mojang\authlib\1.5.21\authlib-1.5.21.jar;jars\libraries\com\google\code\gson\gson\2.2.4\gson-2.2.4.jar;jars\libraries\com\mojang\netty\1.6\netty-1.6.jar;jars\libraries\tv\twitch\twitch\6.5\twitch-6.5.jar;jars\libraries\com\paulscode\codecwav\20101023\codecwav-20101023.jar;jars\libraries\tv\twitch\twitch-platform\6.5\twitch-platform-6.5-natives-windows-64.jar;jars\libraries\net\java\jinput\jinput-platform\2.0.5\jinput-platform-2.0.5-natives-windows.jar;jars\libraries\org\apache\logging\log4j\log4j-core\2.0-beta9\log4j-core-2.0-beta9.jar;jars\libraries\io\netty\netty-all\4.0.23.Final\netty-all-4.0.23.Final.jar" -sourcepath src\minecraft -d bin\minecraft @temp\java_src_client.txt' failed : 1
22:16:24 - 
22:16:24 - == ERRORS FOUND in JAVA CODE ==
22:16:24 - 
22:16:24 - src\minecraft\optifine\CustomColors.java:1817: error: cannot find symbol
22:16:24 -                 Minecraft.getMinecraft().getTextureManager().reloadBannerTextures();
22:16:24 -                                                             ^
22:16:24 - 
22:16:24 -   symbol:   method reloadBannerTextures()
22:16:24 -   location: class TextureManager
22:16:24 - 1 error
22:16:24 - ==================
22:16:24 - 
22:16:24 - !! Can not find server sources, try decompiling !!
22:18:15 - "scalac" is not found on the PATH.  Scala files will not be recompiled
22:18:29 - !! Can not find server sources, try decompiling !!
14:37:02 - "scalac" is not found on the PATH.  Scala files will not be recompiled
14:37:09 - '"C:\Program Files\Java\jdk1.8.0_271\bin\javac" -Xlint:-options -deprecation -g -source 1.6 -target 1.6 -classpath "jars\versions\1.8.8\1.8.8.jar;lib;lib\*;jars\libraries\net\java\jinput\jinput\2.0.5\jinput-2.0.5.jar;jars\libraries\org\lwjgl\lwjgl\lwjgl-platform\2.9.4-nightly-20150209\lwjgl-platform-2.9.4-nightly-20150209-natives-windows.jar;jars\libraries\com\ibm\icu\icu4j-core-mojang\51.2\icu4j-core-mojang-51.2.jar;jars\libraries\tv\twitch\twitch-external-platform\4.5\twitch-external-platform-4.5-natives-windows-64.jar;jars\libraries\org\apache\httpcomponents\httpcore\4.3.2\httpcore-4.3.2.jar;jars\libraries\org\apache\logging\log4j\log4j-api\2.0-beta9\log4j-api-2.0-beta9.jar;jars\libraries\org\apache\commons\commons-lang3\3.3.2\commons-lang3-3.3.2.jar;jars\libraries\net\java\dev\jna\jna\3.4.0\jna-3.4.0.jar;jars\libraries\com\paulscode\libraryjavasound\20101123\libraryjavasound-20101123.jar;jars\libraries\net\sf\jopt-simple\jopt-simple\4.6\jopt-simple-4.6.jar;jars\libraries\com\google\guava\guava\17.0\guava-17.0.jar;jars\libraries\oshi-project\oshi-core\1.1\oshi-core-1.1.jar;jars\libraries\org\apache\httpcomponents\httpclient\4.3.3\httpclient-4.3.3.jar;jars\libraries\org\apache\commons\commons-compress\1.8.1\commons-compress-1.8.1.jar;jars\libraries\net\java\dev\jna\platform\3.4.0\platform-3.4.0.jar;jars\libraries\com\paulscode\codecjorbis\20101023\codecjorbis-20101023.jar;jars\libraries\com\paulscode\soundsystem\20120107\soundsystem-20120107.jar;jars\libraries\com\paulscode\librarylwjglopenal\20100824\librarylwjglopenal-20100824.jar;jars\libraries\org\lwjgl\lwjgl\lwjgl_util\2.9.4-nightly-20150209\lwjgl_util-2.9.4-nightly-20150209.jar;jars\libraries\commons-codec\commons-codec\1.9\commons-codec-1.9.jar;jars\libraries\net\java\jutils\jutils\1.0.0\jutils-1.0.0.jar;jars\libraries\commons-logging\commons-logging\1.1.3\commons-logging-1.1.3.jar;jars\libraries\org\lwjgl\lwjgl\lwjgl\2.9.4-nightly-20150209\lwjgl-2.9.4-nightly-20150209.jar;jars\libraries\commons-io\commons-io\2.4\commons-io-2.4.jar;jars\libraries\com\mojang\realms\1.7.39\realms-1.7.39.jar;jars\libraries\com\mojang\authlib\1.5.21\authlib-1.5.21.jar;jars\libraries\com\google\code\gson\gson\2.2.4\gson-2.2.4.jar;jars\libraries\com\mojang\netty\1.6\netty-1.6.jar;jars\libraries\tv\twitch\twitch\6.5\twitch-6.5.jar;jars\libraries\com\paulscode\codecwav\20101023\codecwav-20101023.jar;jars\libraries\tv\twitch\twitch-platform\6.5\twitch-platform-6.5-natives-windows-64.jar;jars\libraries\net\java\jinput\jinput-platform\2.0.5\jinput-platform-2.0.5-natives-windows.jar;jars\libraries\org\apache\logging\log4j\log4j-core\2.0-beta9\log4j-core-2.0-beta9.jar;jars\libraries\io\netty\netty-all\4.0.23.Final\netty-all-4.0.23.Final.jar" -sourcepath src\minecraft -d bin\minecraft @temp\java_src_client.txt' failed : 1
14:37:09 - 
14:37:09 - == ERRORS FOUND in JAVA CODE ==
14:37:09 - 
14:37:09 - src\minecraft\net\sssssssthedev\SmartClient\gui\UnicodeFontRenderer.java:64: error: diamond operator is not supported in -source 1.6
14:37:09 -     private final Map<String, Float> cachedStringWidth = new HashMap<>();
14:37:09 -                                                                      ^
14:37:09 - 
14:37:09 -   (use -source 7 or higher to enable diamond operator)
14:37:09 - src\minecraft\net\sssssssthedev\SmartClient\gui\UnicodeFontRenderer.java:72: error: multi-catch statement is not supported in -source 1.6
14:37:09 -         } catch (FontFormatException | IOException e) {
14:37:09 -                                      ^
14:37:09 - 
14:37:09 -   (use -source 7 or higher to enable multi-catch statement)
14:37:09 - src\minecraft\net\sssssssthedev\SmartClient\gui\UnicodeFontRenderer.java:254: error: lambda expressions are not supported in -source 1.6
14:37:09 -         return cachedStringWidth.computeIfAbsent(s, e -> {
14:37:09 -                                                       ^
14:37:09 - 
14:37:09 -   (use -source 8 or higher to enable lambda expressions)
14:37:09 - src\minecraft\net\sssssssthedev\SmartClient\gui\hud\HUDConfigScreen.java:16: error: diamond operator is not supported in -source 1.6
14:37:09 -     private final HashMap<IRenderer, ScreenPosition> renderers = new HashMap<>();
14:37:09 -                                                                              ^
14:37:09 - 
14:37:09 -   (use -source 7 or higher to enable diamond operator)
14:37:09 - src\minecraft\net\sssssssthedev\SmartClient\gui\hud\HUDConfigScreen.java:82: error: lambda expressions are not supported in -source 1.6
14:37:09 -             renderers.entrySet().forEach((entry) -> {
14:37:09 -                                                  ^
14:37:09 - 
14:37:09 -   (use -source 8 or higher to enable lambda expressions)
14:37:09 - src\minecraft\net\sssssssthedev\SmartClient\gui\hud\IRenderer.java:10: error: default methods are not supported in -source 1.6
14:37:09 -     default void renderDummy(ScreenPosition pos) {
14:37:09 -     ^
14:37:09 - 
14:37:09 -   (use -source 8 or higher to enable default methods)
14:37:09 - 6 errors
14:37:09 - ==================
14:37:09 - 
14:37:09 - !! Can not find server sources, try decompiling !!
14:37:46 - "scalac" is not found on the PATH.  Scala files will not be recompiled
14:38:02 - !! Can not find server sources, try decompiling !!
14:46:29 - "scalac" is not found on the PATH.  Scala files will not be recompiled
14:47:05 - !! Can not find server md5s !!
18:24:43 - "scalac" is not found on the PATH.  Scala files will not be recompiled
18:24:58 - !! Can not find server sources, try decompiling !!
18:25:46 - "scalac" is not found on the PATH.  Scala files will not be recompiled
18:26:20 - !! Can not find server md5s !!
00:47:49 - "scalac" is not found on the PATH.  Scala files will not be recompiled
00:48:06 - '"C:\Program Files\Java\jdk1.8.0_271\bin\javac" -Xlint:-options -deprecation -g -source 8 -target 8 -classpath "jars\versions\1.8.8\1.8.8.jar;lib;lib\*;jars\libraries\net\java\jinput\jinput\2.0.5\jinput-2.0.5.jar;jars\libraries\org\lwjgl\lwjgl\lwjgl-platform\2.9.4-nightly-20150209\lwjgl-platform-2.9.4-nightly-20150209-natives-windows.jar;jars\libraries\com\ibm\icu\icu4j-core-mojang\51.2\icu4j-core-mojang-51.2.jar;jars\libraries\tv\twitch\twitch-external-platform\4.5\twitch-external-platform-4.5-natives-windows-64.jar;jars\libraries\org\apache\httpcomponents\httpcore\4.3.2\httpcore-4.3.2.jar;jars\libraries\org\apache\logging\log4j\log4j-api\2.0-beta9\log4j-api-2.0-beta9.jar;jars\libraries\org\apache\commons\commons-lang3\3.3.2\commons-lang3-3.3.2.jar;jars\libraries\net\java\dev\jna\jna\3.4.0\jna-3.4.0.jar;jars\libraries\com\paulscode\libraryjavasound\20101123\libraryjavasound-20101123.jar;jars\libraries\net\sf\jopt-simple\jopt-simple\4.6\jopt-simple-4.6.jar;jars\libraries\com\google\guava\guava\17.0\guava-17.0.jar;jars\libraries\oshi-project\oshi-core\1.1\oshi-core-1.1.jar;jars\libraries\org\apache\httpcomponents\httpclient\4.3.3\httpclient-4.3.3.jar;jars\libraries\org\apache\commons\commons-compress\1.8.1\commons-compress-1.8.1.jar;jars\libraries\net\java\dev\jna\platform\3.4.0\platform-3.4.0.jar;jars\libraries\com\paulscode\codecjorbis\20101023\codecjorbis-20101023.jar;jars\libraries\com\paulscode\soundsystem\20120107\soundsystem-20120107.jar;jars\libraries\com\paulscode\librarylwjglopenal\20100824\librarylwjglopenal-20100824.jar;jars\libraries\org\lwjgl\lwjgl\lwjgl_util\2.9.4-nightly-20150209\lwjgl_util-2.9.4-nightly-20150209.jar;jars\libraries\commons-codec\commons-codec\1.9\commons-codec-1.9.jar;jars\libraries\net\java\jutils\jutils\1.0.0\jutils-1.0.0.jar;jars\libraries\commons-logging\commons-logging\1.1.3\commons-logging-1.1.3.jar;jars\libraries\org\lwjgl\lwjgl\lwjgl\2.9.4-nightly-20150209\lwjgl-2.9.4-nightly-20150209.jar;jars\libraries\commons-io\commons-io\2.4\commons-io-2.4.jar;jars\libraries\com\mojang\realms\1.7.39\realms-1.7.39.jar;jars\libraries\com\mojang\authlib\1.5.21\authlib-1.5.21.jar;jars\libraries\com\google\code\gson\gson\2.2.4\gson-2.2.4.jar;jars\libraries\com\mojang\netty\1.6\netty-1.6.jar;jars\libraries\tv\twitch\twitch\6.5\twitch-6.5.jar;jars\libraries\com\paulscode\codecwav\20101023\codecwav-20101023.jar;jars\libraries\tv\twitch\twitch-platform\6.5\twitch-platform-6.5-natives-windows-64.jar;jars\libraries\net\java\jinput\jinput-platform\2.0.5\jinput-platform-2.0.5-natives-windows.jar;jars\libraries\org\apache\logging\log4j\log4j-core\2.0-beta9\log4j-core-2.0-beta9.jar;jars\libraries\io\netty\netty-all\4.0.23.Final\netty-all-4.0.23.Final.jar" -sourcepath src\minecraft -d bin\minecraft @temp\java_src_client.txt' failed : 1
00:48:06 - 
00:48:06 - == ERRORS FOUND in JAVA CODE ==
00:48:06 - 
00:48:06 - src\minecraft\net\sssssssthedev\SmartClient\command\CommandManager.java:3: error: package com.sun.istack.internal does not exist
00:48:06 - import com.sun.istack.internal.NotNull;
00:48:06 -                               ^
00:48:06 - 
00:48:06 - src\minecraft\net\sssssssthedev\SmartClient\gui\SplashProgress.java:3: warning: JARSoundbankReader is internal proprietary API and may be removed in a future release
00:48:06 - import com.sun.media.sound.JARSoundbankReader;
00:48:06 -                           ^
00:48:06 - 
00:48:06 - src\minecraft\net\sssssssthedev\SmartClient\command\CommandManager.java:44: error: cannot find symbol
00:48:06 -     public Collection<String> autoComplete(@NotNull String currCmd) {
00:48:06 -                                             ^
00:48:06 - 
00:48:06 -   symbol:   class NotNull
00:48:06 -   location: class CommandManager
00:48:06 - src\minecraft\net\sssssssthedev\SmartClient\module\crasher\Food.java:36: warning: [deprecation] stop() in Thread has been deprecated
00:48:06 -         this.t.stop();
00:48:06 -               ^
00:48:06 - 
00:48:06 - 2 errors
00:48:06 - 2 warnings
00:48:06 - ==================
00:48:06 - 
00:48:06 - !! Can not find server sources, try decompiling !!
11:33:34 - "scalac" is not found on the PATH.  Scala files will not be recompiled
11:34:01 - '"C:\Program Files\Java\jdk1.8.0_271\bin\javac" -Xlint:-options -deprecation -g -source 8 -target 8 -classpath "jars\versions\1.8.8\1.8.8.jar;lib;lib\*;jars\libraries\net\java\jinput\jinput\2.0.5\jinput-2.0.5.jar;jars\libraries\org\lwjgl\lwjgl\lwjgl-platform\2.9.4-nightly-20150209\lwjgl-platform-2.9.4-nightly-20150209-natives-windows.jar;jars\libraries\com\ibm\icu\icu4j-core-mojang\51.2\icu4j-core-mojang-51.2.jar;jars\libraries\tv\twitch\twitch-external-platform\4.5\twitch-external-platform-4.5-natives-windows-64.jar;jars\libraries\org\apache\httpcomponents\httpcore\4.3.2\httpcore-4.3.2.jar;jars\libraries\org\apache\logging\log4j\log4j-api\2.0-beta9\log4j-api-2.0-beta9.jar;jars\libraries\org\apache\commons\commons-lang3\3.3.2\commons-lang3-3.3.2.jar;jars\libraries\net\java\dev\jna\jna\3.4.0\jna-3.4.0.jar;jars\libraries\com\paulscode\libraryjavasound\20101123\libraryjavasound-20101123.jar;jars\libraries\net\sf\jopt-simple\jopt-simple\4.6\jopt-simple-4.6.jar;jars\libraries\com\google\guava\guava\17.0\guava-17.0.jar;jars\libraries\oshi-project\oshi-core\1.1\oshi-core-1.1.jar;jars\libraries\org\apache\httpcomponents\httpclient\4.3.3\httpclient-4.3.3.jar;jars\libraries\org\apache\commons\commons-compress\1.8.1\commons-compress-1.8.1.jar;jars\libraries\net\java\dev\jna\platform\3.4.0\platform-3.4.0.jar;jars\libraries\com\paulscode\codecjorbis\20101023\codecjorbis-20101023.jar;jars\libraries\com\paulscode\soundsystem\20120107\soundsystem-20120107.jar;jars\libraries\com\paulscode\librarylwjglopenal\20100824\librarylwjglopenal-20100824.jar;jars\libraries\org\lwjgl\lwjgl\lwjgl_util\2.9.4-nightly-20150209\lwjgl_util-2.9.4-nightly-20150209.jar;jars\libraries\commons-codec\commons-codec\1.9\commons-codec-1.9.jar;jars\libraries\net\java\jutils\jutils\1.0.0\jutils-1.0.0.jar;jars\libraries\commons-logging\commons-logging\1.1.3\commons-logging-1.1.3.jar;jars\libraries\org\lwjgl\lwjgl\lwjgl\2.9.4-nightly-20150209\lwjgl-2.9.4-nightly-20150209.jar;jars\libraries\commons-io\commons-io\2.4\commons-io-2.4.jar;jars\libraries\com\mojang\realms\1.7.39\realms-1.7.39.jar;jars\libraries\com\mojang\authlib\1.5.21\authlib-1.5.21.jar;jars\libraries\com\google\code\gson\gson\2.2.4\gson-2.2.4.jar;jars\libraries\com\mojang\netty\1.6\netty-1.6.jar;jars\libraries\tv\twitch\twitch\6.5\twitch-6.5.jar;jars\libraries\com\paulscode\codecwav\20101023\codecwav-20101023.jar;jars\libraries\tv\twitch\twitch-platform\6.5\twitch-platform-6.5-natives-windows-64.jar;jars\libraries\net\java\jinput\jinput-platform\2.0.5\jinput-platform-2.0.5-natives-windows.jar;jars\libraries\org\apache\logging\log4j\log4j-core\2.0-beta9\log4j-core-2.0-beta9.jar;jars\libraries\io\netty\netty-all\4.0.23.Final\netty-all-4.0.23.Final.jar" -sourcepath src\minecraft -d bin\minecraft @temp\java_src_client.txt' failed : 1
11:34:01 - 
11:34:01 - == ERRORS FOUND in JAVA CODE ==
11:34:01 - 
11:34:01 - src\minecraft\net\sssssssthedev\SmartClient\command\CommandManager.java:3: error: package com.sun.istack.internal does not exist
11:34:01 - import com.sun.istack.internal.NotNull;
11:34:01 -                               ^
11:34:01 - 
11:34:01 - src\minecraft\net\sssssssthedev\SmartClient\gui\SplashProgress.java:3: warning: JARSoundbankReader is internal proprietary API and may be removed in a future release
11:34:01 - import com.sun.media.sound.JARSoundbankReader;
11:34:01 -                           ^
11:34:01 - 
11:34:01 - src\minecraft\net\sssssssthedev\SmartClient\command\CommandManager.java:44: error: cannot find symbol
11:34:01 -     public Collection<String> autoComplete(@NotNull String currCmd) {
11:34:01 -                                             ^
11:34:01 - 
11:34:01 -   symbol:   class NotNull
11:34:01 -   location: class CommandManager
11:34:01 - src\minecraft\net\sssssssthedev\SmartClient\module\crasher\Food.java:36: warning: [deprecation] stop() in Thread has been deprecated
11:34:01 -         this.t.stop();
11:34:01 -               ^
11:34:01 - 
11:34:01 - 2 errors
11:34:01 - 2 warnings
11:34:01 - ==================
11:34:01 - 
11:34:01 - !! Can not find server sources, try decompiling !!
11:36:29 - "scalac" is not found on the PATH.  Scala files will not be recompiled
11:36:50 - !! Can not find server sources, try decompiling !!
13:37:00 - "scalac" is not found on the PATH.  Scala files will not be recompiled
13:37:25 - !! Can not find server sources, try decompiling !!
22:41:51 - "scalac" is not found on the PATH.  Scala files will not be recompiled
22:42:17 - !! Can not find server sources, try decompiling !!
23:02:21 - "scalac" is not found on the PATH.  Scala files will not be recompiled
23:02:44 - !! Can not find server sources, try decompiling !!
18:32:59 - "scalac" is not found on the PATH.  Scala files will not be recompiled
18:33:36 - !! Can not find server sources, try decompiling !!
18:42:56 - "scalac" is not found on the PATH.  Scala files will not be recompiled
18:43:42 - !! Can not find server md5s !!
